sh: 1: \rm: not found
[H[2J [1;1H*******************************************************************************
 [2;1H                         MOOG LTE VERSION (JUN 2014)                           
 [3;1H
 [K
 [3;1H
MOOG PARAMETERS; here is the filename: batch.par                                [5;1H
 [K
 [2;1H                      MOOG IS CONTROLLED BY DRIVER synth  
 [3;1H*******************************************************************************
 [3;1H
 [K
 [3;1H
STANDARD OUTPUT; here is the filename: vm_long.out                              [5;1H
 [K
 [5;1H
 [K
 [5;1H
RAW SYNTHESIS OUTPUT; here is the filename: vm_li.out                           [7;1H
 [K
 [7;1H
 [K
 [7;1H
SMOOTHED SYNTHESES OUTPUT; here is the filename: vm_smooth.out                  [9;1H
 [K
 [9;1H
 [K
 [9;1H
THE MODEL ATMOSPHERE; here is the filename: star.mod                            [11;1H
 [K
 [11;1H
 [K
 [11;1H
THE LINE LIST; here is the filename: sun_syn.lin                                [13;1H
 [K
 [4;1H                                                                               
 [4;1H
 [K
 [5;1H
 [K
 [6;1H
 [K
 [7;1H
 [K
 [8;1H
 [K
 [9;1H
 [K
 [10;1H
 [K
 [11;1H
 [K
 [12;1H
 [K
 [13;1H
 [K
 [14;1H
 [K
 [15;1H
 [K
 [16;1H
 [K
 [17;1H
 [K
 [18;1H
 [K
 [19;1H
 [K
 [20;1H
 [K
 [21;1H
 [K
 [22;1H
 [K
 [4;1H
 [5;1H<<<<<<<<<<<<<<<<<<<<<<          MOOG HAS ENDED!          >>>>>>>>>>>>>>>>>>>>>>
