-------------MOOG OUTPUT FILE----------(MOOG version from 01/28/09)-------------

THE MODEL TYPE: KURTYPE   

MODEL ATMOSPHERE HEADER:
  5715./  4.46/  71.77      mic =  0.96               vt= 0.96 M/H=-0.07        

INPUT ATMOSPHERE QUANTITIES          (reference wavelength =   5000.00)
   i  xref   tauref       T      logPg    Pgas      logPe     Ne         Vturb
   1 -6.68 2.0899D-07   3509.5   0.894 7.8350D+00  -2.794 3.3170D+09   9.60D+04
   2 -6.56 2.7816D-07   3524.2   1.014 1.0330D+01  -2.688 4.2130D+09   9.60D+04
   3 -6.43 3.6932D-07   3541.0   1.125 1.3350D+01  -2.588 5.2830D+09   9.60D+04
   4 -6.31 4.8987D-07   3559.1   1.230 1.7000D+01  -2.492 6.5580D+09   9.60D+04
   5 -6.19 6.4948D-07   3578.3   1.331 2.1420D+01  -2.399 8.0730D+09   9.60D+04
   6 -6.06 8.6157D-07   3598.4   1.427 2.6740D+01  -2.309 9.8790D+09   9.60D+04
   7 -5.94 1.1415D-06   3621.0   1.519 3.3070D+01  -2.221 1.2030D+10   9.60D+04
   8 -5.82 1.5002D-06   3646.4   1.606 4.0360D+01  -2.135 1.4560D+10   9.60D+04
   9 -5.71 1.9518D-06   3672.8   1.687 4.8610D+01  -2.053 1.7440D+10   9.60D+04
  10 -5.60 2.5164D-06   3700.2   1.763 5.7910D+01  -1.975 2.0750D+10   9.60D+04
  11 -5.49 3.2186D-06   3728.7   1.835 6.8370D+01  -1.899 2.4490D+10   9.60D+04
  12 -5.39 4.0850D-06   3758.4   1.903 8.0030D+01  -1.826 2.8750D+10   9.60D+04
  13 -5.29 5.1658D-06   3788.4   1.970 9.3230D+01  -1.755 3.3610D+10   9.60D+04
  14 -5.18 6.5583D-06   3818.1   2.036 1.0870D+02  -1.684 3.9240D+10   9.60D+04
  15 -5.08 8.3723D-06   3847.5   2.103 1.2670D+02  -1.613 4.5850D+10   9.60D+04
  16 -4.97 1.0731D-05   3876.7   2.170 1.4790D+02  -1.542 5.3590D+10   9.60D+04
  17 -4.86 1.3796D-05   3906.1   2.237 1.7250D+02  -1.471 6.2630D+10   9.60D+04
  18 -4.75 1.7771D-05   3935.9   2.303 2.0110D+02  -1.400 7.3190D+10   9.60D+04
  19 -4.64 2.2927D-05   3966.3   2.370 2.3430D+02  -1.329 8.5530D+10   9.60D+04
  20 -4.53 2.9670D-05   3997.3   2.436 2.7300D+02  -1.258 9.9990D+10   9.60D+04
  21 -4.41 3.8543D-05   4028.1   2.503 3.1830D+02  -1.187 1.1680D+11   9.60D+04
  22 -4.30 5.0255D-05   4058.7   2.570 3.7150D+02  -1.116 1.3650D+11   9.60D+04
  23 -4.18 6.5733D-05   4089.0   2.637 4.3400D+02  -1.046 1.5950D+11   9.60D+04
  24 -4.06 8.6163D-05   4119.1   2.705 5.0710D+02  -0.975 1.8620D+11   9.60D+04
  25 -3.95 1.1311D-04   4149.2   2.773 5.9260D+02  -0.905 2.1720D+11   9.60D+04
  26 -3.83 1.4882D-04   4179.6   2.841 6.9300D+02  -0.835 2.5350D+11   9.60D+04
  27 -3.71 1.9624D-04   4209.8   2.909 8.1070D+02  -0.765 2.9570D+11   9.60D+04
  28 -3.59 2.5908D-04   4240.3   2.977 9.4880D+02  -0.695 3.4490D+11   9.60D+04
  29 -3.47 3.4245D-04   4270.9   3.045 1.1100D+03  -0.625 4.0230D+11   9.60D+04
  30 -3.34 4.5327D-04   4301.6   3.114 1.3000D+03  -0.555 4.6930D+11   9.60D+04
  31 -3.22 6.0046D-04   4332.4   3.183 1.5230D+03  -0.485 5.4730D+11   9.60D+04
  32 -3.10 7.9573D-04   4363.5   3.251 1.7830D+03  -0.415 6.3780D+11   9.60D+04
  33 -2.98 1.0545D-03   4395.1   3.320 2.0880D+03  -0.346 7.4330D+11   9.60D+04
  34 -2.85 1.3971D-03   4427.4   3.388 2.4440D+03  -0.276 8.6620D+11   9.60D+04
  35 -2.73 1.8497D-03   4460.9   3.456 2.8590D+03  -0.207 1.0090D+12   9.60D+04
  36 -2.61 2.4483D-03   4496.1   3.524 3.3430D+03  -0.136 1.1770D+12   9.60D+04
  37 -2.49 3.2417D-03   4532.8   3.592 3.9090D+03  -0.066 1.3730D+12   9.60D+04
  38 -2.37 4.3002D-03   4572.1   3.660 4.5750D+03   0.006 1.6060D+12   9.60D+04
  39 -2.24 5.7240D-03   4611.9   3.730 5.3650D+03   0.078 1.8800D+12   9.60D+04
  40 -2.12 7.6364D-03   4651.4   3.799 6.2980D+03   0.150 2.2010D+12   9.60D+04
  41 -1.99 1.0200D-02   4691.5   3.869 7.3970D+03   0.223 2.5800D+12   9.60D+04
  42 -1.87 1.3628D-02   4732.6   3.939 8.6880D+03   0.296 3.0240D+12   9.60D+04
  43 -1.74 1.8200D-02   4775.6   4.009 1.0210D+04   0.369 3.5460D+12   9.60D+04
  44 -1.61 2.4286D-02   4821.3   4.078 1.1970D+04   0.443 4.1630D+12   9.60D+04
  45 -1.49 3.2370D-02   4870.3   4.147 1.4040D+04   0.517 4.8900D+12   9.60D+04
  46 -1.37 4.3087D-02   4924.3   4.216 1.6450D+04   0.592 5.7540D+12   9.60D+04
  47 -1.24 5.7259D-02   4984.8   4.285 1.9270D+04   0.669 6.7850D+12   9.60D+04
  48 -1.12 7.5990D-02   5053.2   4.353 2.2550D+04   0.748 8.0240D+12   9.60D+04
  49 -1.00 1.0074D-01   5131.6   4.421 2.6380D+04   0.829 9.5250D+12   9.60D+04
  50 -0.87 1.3339D-01   5222.1   4.489 3.0860D+04   0.913 1.1350D+13   9.60D+04
  51 -0.75 1.7641D-01   5327.8   4.557 3.6080D+04   1.001 1.3630D+13   9.60D+04
  52 -0.63 2.3303D-01   5451.4   4.625 4.2190D+04   1.094 1.6490D+13   9.60D+04
  53 -0.51 3.0735D-01   5596.0   4.692 4.9260D+04   1.194 2.0230D+13   9.60D+04
  54 -0.39 4.0496D-01   5765.1   4.759 5.7390D+04   1.308 2.5520D+13   9.60D+04
  55 -0.27 5.3295D-01   5963.2   4.823 6.6480D+04   1.443 3.3680D+13   9.60D+04
  56 -0.15 7.0092D-01   6194.1   4.882 7.6180D+04   1.609 4.7530D+13   9.60D+04
  57 -0.04 9.2187D-01   6463.2   4.934 8.5870D+04   1.812 7.2730D+13   9.60D+04
  58  0.08 1.2112D+00   6775.4   4.977 9.4830D+04   2.050 1.2000D+14   9.60D+04
  59  0.20 1.5873D+00   7140.1   5.011 1.0260D+05   2.319 2.1170D+14   9.60D+04
  60  0.32 2.0683D+00   7554.1   5.036 1.0860D+05   2.604 3.8550D+14   9.60D+04
  61  0.43 2.6742D+00   7958.3   5.055 1.1350D+05   2.860 6.5880D+14   9.60D+04
  62  0.54 3.4408D+00   8297.6   5.070 1.1740D+05   3.058 9.9810D+14   9.60D+04
  63  0.65 4.4260D+00   8572.0   5.083 1.2110D+05   3.210 1.3700D+15   9.60D+04
  64  0.76 5.7057D+00   8805.5   5.096 1.2470D+05   3.333 1.7710D+15   9.60D+04
  65  0.87 7.3808D+00   9012.9   5.109 1.2840D+05   3.439 2.2060D+15   9.60D+04
  66  0.98 9.5857D+00   9205.2   5.122 1.3240D+05   3.533 2.6850D+15   9.60D+04
  67  1.10 1.2504D+01   9385.1   5.136 1.3670D+05   3.618 3.2040D+15   9.60D+04
  68  1.21 1.6374D+01   9566.8   5.150 1.4130D+05   3.701 3.8020D+15   9.60D+04
  69  1.33 2.1523D+01   9743.7   5.166 1.4650D+05   3.780 4.4760D+15   9.60D+04
  70  1.45 2.8415D+01   9908.3   5.183 1.5230D+05   3.853 5.2060D+15   9.60D+04
  71  1.58 3.7653D+01  10081.8   5.201 1.5870D+05   3.928 6.0830D+15   9.60D+04
  72  1.70 5.0121D+01  10243.9   5.220 1.6600D+05   3.997 7.0210D+15   9.60D+04

INPUT ABUNDANCES: (log10 number densities, log H=12)
      Default solar abundances: Asplund et al. 2009
   H ( 1)=12.00   He( 2)=10.93   Li( 3)= 0.98   Be( 4)= 1.31   B ( 5)= 2.63
   C ( 6)= 8.36   N ( 7)= 7.76   O ( 8)= 8.62   F ( 9)= 4.49   Ne(10)= 7.86
   Na(11)= 6.17   Mg(12)= 7.53   Al(13)= 6.38   Si(14)= 7.44   P (15)= 5.34
   S (16)= 7.05   Cl(17)= 5.43   Ar(18)= 6.33   K (19)= 4.96   Ca(20)= 6.27
   Sc(21)= 3.08   Ti(22)= 4.88   V (23)= 3.86   Cr(24)= 5.57   Mn(25)= 5.36
   Fe(26)= 7.43   Co(27)= 4.92   Ni(28)= 6.15   Cu(29)= 4.12   Zn(30)= 4.49
   Ga(31)= 2.97   Ge(32)= 3.58   As(33)= 2.23   Se(34)= 3.27   Br(35)= 2.47
   Kr(36)= 3.18   Rb(37)= 2.45   Sr(38)= 2.80   Y (39)= 2.14   Zr(40)= 2.51
   Nb(41)= 1.39   Mo(42)= 1.81   Tc(43)=-5.07   Ru(44)= 1.68   Rh(45)= 0.84
   Pd(46)= 1.50   Ag(47)= 0.87   Cd(48)= 1.64   In(49)= 0.73   Sn(50)= 1.97
   Sb(51)= 0.94   Te(52)= 2.11   I (53)= 1.48   Xe(54)= 2.17   Cs(55)= 1.01
   Ba(56)= 2.11   La(57)= 1.03   Ce(58)= 1.51   Pr(59)= 0.65   Nd(60)= 1.35
   Pm(61)=-5.07   Sm(62)= 0.89   Eu(63)= 0.45   Gd(64)= 1.00   Tb(65)= 0.23
   Dy(66)= 1.03   Ho(67)= 0.41   Er(68)= 0.85   Tm(69)= 0.03   Yb(70)= 0.77
   Lu(71)= 0.03   Hf(72)= 0.78   Ta(73)=-0.19   Wl(74)= 0.78   Re(75)= 0.19
   Os(76)= 1.33   Ir(77)= 1.31   Pt(78)= 1.55   Au(79)= 0.85   Hg(80)= 1.10
   Tl(81)= 0.83   Pb(82)= 1.68   Bi(83)= 0.58   Po(84)=-5.07   At(85)=-5.07
   Rn(86)=-5.07   Fr(87)=-5.07   Ra(88)=-5.07   Ac(89)=-5.07   Th(90)=-0.05
   Pa(91)=-5.07   U (92)=-0.61   Np(93)=-5.07   Pu(94)=-5.07   Am(95)=-5.07

OPTIONS: atmosphere = 1     molecules  = 1
         lines      = 1     flux/int   = 0

KAPREF ARRAY:
  2.6272D-14  3.7270D-14  5.2117D-14  7.2192D-14  9.9412D-14  1.3630D-13
  1.8569D-13  2.4986D-13  3.3121D-13  4.3405D-13  5.6225D-13  7.2101D-13
  9.1990D-13  1.1772D-12  1.5116D-12  1.9498D-12  2.5183D-12  3.2568D-12
  4.2154D-12  5.4656D-12  7.1001D-12  9.2540D-12  1.2093D-11  1.5818D-11
  2.0703D-11  2.7155D-11  3.5655D-11  4.6867D-11  6.1633D-11  8.1209D-11
  1.0708D-10  1.4106D-10  1.8591D-10  2.4490D-10  3.2209D-10  4.2360D-10
  5.5664D-10  7.3276D-10  9.6740D-10  1.2798D-09  1.6961D-09  2.2470D-09
  2.9765D-09  3.9310D-09  5.1854D-09  6.8202D-09  8.9459D-09  1.1691D-08
  1.5226D-08  1.9747D-08  2.5544D-08  3.2938D-08  4.2499D-08  5.5564D-08
  7.4570D-08  1.0453D-07  1.5442D-07  2.3876D-07  3.8441D-07  6.2933D-07
  9.9105D-07  1.4351D-06  1.9400D-06  2.5107D-06  3.1687D-06  3.9439D-06
  4.8513D-06  5.9688D-06  7.3295D-06  8.9222D-06  1.0961D-05  1.3353D-05

For these computations, some abundances have  been altered:
element Li:  abundance =  0.98
element C :  abundance =  8.36
element N :  abundance =  7.76
element Si:  abundance =  7.44
element Ca:  abundance =  6.27
element Sc:  abundance =  3.08
element Ti:  abundance =  4.88
element V :  abundance =  3.86
element Cr:  abundance =  5.57
element Mn:  abundance =  5.36
element Fe:  abundance =  7.38
element Ru:  abundance =  1.68
element Ce:  abundance =  1.51
element Sm:  abundance =  0.89

INPUT LINES DATA FOR     6 LINES
   #     wave1   spec         spec#   E.P.   loggf     damp    logSTR     E.W.
   1  6027.050  Fe I       26.00000  4.076  -1.090  MODUNc6     -6.14   64.02
   2  6093.644  Fe I       26.00000  4.607  -1.300     MYc6     -6.80   31.11
   3  6151.618  Fe I       26.00000  2.176  -3.299     MYc6     -6.74   50.01
   4  6165.360  Fe I       26.00000  4.143  -1.460  MODUNc6     -6.56   45.59
   5  6705.102  Fe I       26.00000  4.607  -0.980  MODUNc6     -6.44   46.43
   6  6767.772  Ni I       28.00000  1.826  -2.170  MODUNc6     -6.16   80.13

SYNTHETIC SPECTRUM PARAMETERS (units=A)
          start =   6025.000      stop =   6029.000 
step size in the spectrum =      0.010 
at each point, opacity will include lines within      2.000 of the point

SPECTRUM DEPTHS
AT WAVELENGTH/FREQUENCY =   6025.000  CONTINUUM FLUX/INTENSITY = 2.72859D+14
  6025.000: depths= 0.000 0.000 0.000 0.000 0.000 0.000 0.000 0.000 0.000 0.000
  6025.100: depths= 0.000 0.000 0.000 0.000 0.000 0.000 0.000 0.000 0.000 0.000
  6025.200: depths= 0.000 0.000 0.000 0.000 0.000 0.000 0.000 0.000 0.000 0.000
  6025.300: depths= 0.000 0.000 0.000 0.000 0.000 0.000 0.000 0.000 0.000 0.000
  6025.400: depths= 0.000 0.000 0.000 0.000 0.000 0.000 0.000 0.000 0.000 0.000
  6025.500: depths= 0.000 0.000 0.000 0.000 0.000 0.000 0.000 0.000 0.000 0.000
  6025.600: depths= 0.000 0.000 0.000 0.000 0.000 0.000 0.000 0.000 0.000 0.000
  6025.700: depths= 0.000 0.000 0.000 0.000 0.000 0.000 0.000 0.000 0.000 0.000
  6025.800: depths= 0.000 0.000 0.000 0.000 0.000 0.000 0.000 0.000 0.000 0.000
  6025.900: depths= 0.000 0.000 0.000 0.000 0.000 0.000 0.000 0.000 0.000 0.000
  6026.000: depths= 0.000 0.000 0.000 0.000 0.000 0.000 0.000 0.000 0.000 0.000
  6026.100: depths= 0.000 0.000 0.000 0.000 0.000 0.000 0.000 0.000 0.000 0.000
  6026.200: depths= 0.000 0.000 0.000 0.000 0.000 0.000 0.000 0.000 0.000 0.000
  6026.300: depths= 0.000 0.000 0.000 0.000 0.000 0.000 0.000 0.000 0.000 0.000
  6026.400: depths= 0.000 0.000 0.000 0.000 0.000 0.000 0.000 0.000 0.000 0.000
  6026.500: depths= 0.000 0.000 0.000 0.000 0.000 0.000 0.000 0.000 0.000 0.001
  6026.600: depths= 0.001 0.001 0.001 0.001 0.001 0.001 0.001 0.001 0.001 0.001
  6026.700: depths= 0.001 0.001 0.001 0.001 0.001 0.001 0.001 0.001 0.001 0.002
  6026.800: depths= 0.002 0.002 0.002 0.002 0.002 0.003 0.003 0.003 0.004 0.004
  6026.900: depths= 0.005 0.006 0.007 0.008 0.010 0.013 0.018 0.030 0.062 0.137
  6027.000: depths= 0.272 0.426 0.540 0.604 0.635 0.644 0.635 0.604 0.540 0.426
  6027.100: depths= 0.272 0.137 0.062 0.030 0.018 0.013 0.010 0.008 0.007 0.006
  6027.200: depths= 0.005 0.004 0.004 0.003 0.003 0.003 0.002 0.002 0.002 0.002
  6027.300: depths= 0.002 0.002 0.001 0.001 0.001 0.001 0.001 0.001 0.001 0.001
  6027.400: depths= 0.001 0.001 0.001 0.001 0.001 0.001 0.001 0.001 0.001 0.001
  6027.500: depths= 0.001 0.001 0.000 0.000 0.000 0.000 0.000 0.000 0.000 0.000
  6027.600: depths= 0.000 0.000 0.000 0.000 0.000 0.000 0.000 0.000 0.000 0.000
  6027.700: depths= 0.000 0.000 0.000 0.000 0.000 0.000 0.000 0.000 0.000 0.000
  6027.800: depths= 0.000 0.000 0.000 0.000 0.000 0.000 0.000 0.000 0.000 0.000
  6027.900: depths= 0.000 0.000 0.000 0.000 0.000 0.000 0.000 0.000 0.000 0.000
  6028.000: depths= 0.000 0.000 0.000 0.000 0.000 0.000 0.000 0.000 0.000 0.000
  6028.100: depths= 0.000 0.000 0.000 0.000 0.000 0.000 0.000 0.000 0.000 0.000
  6028.200: depths= 0.000 0.000 0.000 0.000 0.000 0.000 0.000 0.000 0.000 0.000
  6028.300: depths= 0.000 0.000 0.000 0.000 0.000 0.000 0.000 0.000 0.000 0.000
  6028.400: depths= 0.000 0.000 0.000 0.000 0.000 0.000 0.000 0.000 0.000 0.000
  6028.500: depths= 0.000 0.000 0.000 0.000 0.000 0.000 0.000 0.000 0.000 0.000
  6028.600: depths= 0.000 0.000 0.000 0.000 0.000 0.000 0.000 0.000 0.000 0.000
  6028.700: depths= 0.000 0.000 0.000 0.000 0.000 0.000 0.000 0.000 0.000 0.000
  6028.800: depths= 0.000 0.000 0.000 0.000 0.000 0.000 0.000 0.000 0.000 0.000
  6028.900: depths= 0.000 0.000 0.000 0.000 0.000 0.000 0.000 0.000 0.000 0.000
  6028.910: depths= 0.000
FINAL WAVELENGTH/FREQUENCY =  6029.000

