the number of points per synthesis =   401
start =   6025.000     stop =   6029.000     step =      0.010
  6025.000     1.00000
  6025.010     1.00000
  6025.020     1.00000
  6025.030     1.00000
  6025.040     1.00000
  6025.050     1.00000
  6025.060     1.00000
  6025.070     1.00000
  6025.080     1.00000
  6025.090     1.00000
  6025.100     1.00000
  6025.110     1.00000
  6025.120     1.00000
  6025.130     1.00000
  6025.140     1.00000
  6025.150     1.00000
  6025.160     1.00000
  6025.170     1.00000
  6025.180     1.00000
  6025.190     1.00000
  6025.200     1.00000
  6025.210     1.00000
  6025.220     1.00000
  6025.230     1.00000
  6025.240     1.00000
  6025.250     1.00000
  6025.260     1.00000
  6025.270     1.00000
  6025.280     1.00000
  6025.290     1.00000
  6025.300     1.00000
  6025.310     1.00000
  6025.320     1.00000
  6025.330     1.00000
  6025.340     1.00000
  6025.350     1.00000
  6025.360     1.00000
  6025.370     1.00000
  6025.380     1.00000
  6025.390     1.00000
  6025.400     1.00000
  6025.410     1.00000
  6025.420     1.00000
  6025.430     1.00000
  6025.440     1.00000
  6025.450     1.00000
  6025.460     1.00000
  6025.470     1.00000
  6025.480     1.00000
  6025.490     0.99999
  6025.500     0.99999
  6025.510     0.99999
  6025.520     0.99999
  6025.530     0.99998
  6025.540     0.99998
  6025.550     0.99997
  6025.560     0.99997
  6025.570     0.99996
  6025.580     0.99996
  6025.590     0.99995
  6025.600     0.99995
  6025.610     0.99994
  6025.620     0.99994
  6025.630     0.99993
  6025.640     0.99993
  6025.650     0.99992
  6025.660     0.99992
  6025.670     0.99991
  6025.680     0.99991
  6025.690     0.99991
  6025.700     0.99991
  6025.710     0.99990
  6025.720     0.99990
  6025.730     0.99990
  6025.740     0.99990
  6025.750     0.99990
  6025.760     0.99990
  6025.770     0.99990
  6025.780     0.99990
  6025.790     0.99990
  6025.800     0.99990
  6025.810     0.99990
  6025.820     0.99990
  6025.830     0.99990
  6025.840     0.99990
  6025.850     0.99990
  6025.860     0.99990
  6025.870     0.99990
  6025.880     0.99990
  6025.890     0.99990
  6025.900     0.99990
  6025.910     0.99990
  6025.920     0.99990
  6025.930     0.99990
  6025.940     0.99990
  6025.950     0.99990
  6025.960     0.99990
  6025.970     0.99990
  6025.980     0.99990
  6025.990     0.99990
  6026.000     0.99990
  6026.010     0.99990
  6026.020     0.99990
  6026.030     0.99990
  6026.040     0.99990
  6026.050     0.99990
  6026.060     0.99990
  6026.070     0.99990
  6026.080     0.99990
  6026.090     0.99990
  6026.100     0.99990
  6026.110     0.99989
  6026.120     0.99989
  6026.130     0.99989
  6026.140     0.99989
  6026.150     0.99988
  6026.160     0.99988
  6026.170     0.99987
  6026.180     0.99987
  6026.190     0.99986
  6026.200     0.99986
  6026.210     0.99985
  6026.220     0.99985
  6026.230     0.99984
  6026.240     0.99984
  6026.250     0.99983
  6026.260     0.99983
  6026.270     0.99982
  6026.280     0.99982
  6026.290     0.99981
  6026.300     0.99981
  6026.310     0.99980
  6026.320     0.99979
  6026.330     0.99979
  6026.340     0.99978
  6026.350     0.99978
  6026.360     0.99977
  6026.370     0.99977
  6026.380     0.99976
  6026.390     0.99975
  6026.400     0.99975
  6026.410     0.99974
  6026.420     0.99973
  6026.430     0.99972
  6026.440     0.99971
  6026.450     0.99970
  6026.460     0.99969
  6026.470     0.99968
  6026.480     0.99966
  6026.490     0.99965
  6026.500     0.99964
  6026.510     0.99962
  6026.520     0.99961
  6026.530     0.99959
  6026.540     0.99957
  6026.550     0.99955
  6026.560     0.99954
  6026.570     0.99951
  6026.580     0.99949
  6026.590     0.99947
  6026.600     0.99944
  6026.610     0.99941
  6026.620     0.99938
  6026.630     0.99935
  6026.640     0.99931
  6026.650     0.99927
  6026.660     0.99923
  6026.670     0.99918
  6026.680     0.99913
  6026.690     0.99907
  6026.700     0.99901
  6026.710     0.99894
  6026.720     0.99886
  6026.730     0.99877
  6026.740     0.99866
  6026.750     0.99854
  6026.760     0.99838
  6026.770     0.99819
  6026.780     0.99793
  6026.790     0.99759
  6026.800     0.99711
  6026.810     0.99643
  6026.820     0.99546
  6026.830     0.99405
  6026.840     0.99205
  6026.850     0.98919
  6026.860     0.98521
  6026.870     0.97975
  6026.880     0.97244
  6026.890     0.96293
  6026.900     0.95093
  6026.910     0.93627
  6026.920     0.91894
  6026.930     0.89912
  6026.940     0.87718
  6026.950     0.85368
  6026.960     0.82932
  6026.970     0.80487
  6026.980     0.78118
  6026.990     0.75904
  6027.000     0.73919
  6027.010     0.72224
  6027.020     0.70864
  6027.030     0.69873
  6027.040     0.69271
  6027.050     0.69069
  6027.060     0.69271
  6027.070     0.69873
  6027.080     0.70864
  6027.090     0.72224
  6027.100     0.73919
  6027.110     0.75904
  6027.120     0.78118
  6027.130     0.80487
  6027.140     0.82932
  6027.150     0.85368
  6027.160     0.87718
  6027.170     0.89912
  6027.180     0.91894
  6027.190     0.93627
  6027.200     0.95093
  6027.210     0.96293
  6027.220     0.97244
  6027.230     0.97975
  6027.240     0.98521
  6027.250     0.98919
  6027.260     0.99205
  6027.270     0.99405
  6027.280     0.99546
  6027.290     0.99643
  6027.300     0.99711
  6027.310     0.99759
  6027.320     0.99793
  6027.330     0.99819
  6027.340     0.99838
  6027.350     0.99854
  6027.360     0.99866
  6027.370     0.99877
  6027.380     0.99886
  6027.390     0.99894
  6027.400     0.99901
  6027.410     0.99907
  6027.420     0.99913
  6027.430     0.99918
  6027.440     0.99923
  6027.450     0.99927
  6027.460     0.99931
  6027.470     0.99935
  6027.480     0.99938
  6027.490     0.99941
  6027.500     0.99944
  6027.510     0.99947
  6027.520     0.99949
  6027.530     0.99951
  6027.540     0.99954
  6027.550     0.99955
  6027.560     0.99957
  6027.570     0.99959
  6027.580     0.99961
  6027.590     0.99962
  6027.600     0.99964
  6027.610     0.99965
  6027.620     0.99966
  6027.630     0.99968
  6027.640     0.99969
  6027.650     0.99970
  6027.660     0.99971
  6027.670     0.99972
  6027.680     0.99973
  6027.690     0.99974
  6027.700     0.99975
  6027.710     0.99975
  6027.720     0.99976
  6027.730     0.99977
  6027.740     0.99977
  6027.750     0.99978
  6027.760     0.99978
  6027.770     0.99979
  6027.780     0.99979
  6027.790     0.99980
  6027.800     0.99981
  6027.810     0.99981
  6027.820     0.99982
  6027.830     0.99982
  6027.840     0.99983
  6027.850     0.99983
  6027.860     0.99984
  6027.870     0.99984
  6027.880     0.99985
  6027.890     0.99985
  6027.900     0.99986
  6027.910     0.99986
  6027.920     0.99987
  6027.930     0.99987
  6027.940     0.99988
  6027.950     0.99988
  6027.960     0.99989
  6027.970     0.99989
  6027.980     0.99989
  6027.990     0.99989
  6028.000     0.99990
  6028.010     0.99990
  6028.020     0.99990
  6028.030     0.99990
  6028.040     0.99990
  6028.050     0.99990
  6028.060     0.99990
  6028.070     0.99990
  6028.080     0.99990
  6028.090     0.99990
  6028.100     0.99990
  6028.110     0.99990
  6028.120     0.99990
  6028.130     0.99990
  6028.140     0.99990
  6028.150     0.99990
  6028.160     0.99990
  6028.170     0.99990
  6028.180     0.99990
  6028.190     0.99990
  6028.200     0.99990
  6028.210     0.99990
  6028.220     0.99990
  6028.230     0.99990
  6028.240     0.99990
  6028.250     0.99990
  6028.260     0.99990
  6028.270     0.99990
  6028.280     0.99990
  6028.290     0.99990
  6028.300     0.99990
  6028.310     0.99990
  6028.320     0.99990
  6028.330     0.99990
  6028.340     0.99990
  6028.350     0.99990
  6028.360     0.99990
  6028.370     0.99990
  6028.380     0.99990
  6028.390     0.99990
  6028.400     0.99991
  6028.410     0.99991
  6028.420     0.99991
  6028.430     0.99991
  6028.440     0.99992
  6028.450     0.99992
  6028.460     0.99993
  6028.470     0.99993
  6028.480     0.99994
  6028.490     0.99994
  6028.500     0.99995
  6028.510     0.99995
  6028.520     0.99996
  6028.530     0.99996
  6028.540     0.99997
  6028.550     0.99997
  6028.560     0.99998
  6028.570     0.99998
  6028.580     0.99999
  6028.590     0.99999
  6028.600     0.99999
  6028.610     0.99999
  6028.620     1.00000
  6028.630     1.00000
  6028.640     1.00000
  6028.650     1.00000
  6028.660     1.00000
  6028.670     1.00000
  6028.680     1.00000
  6028.690     1.00000
  6028.700     1.00000
  6028.710     1.00000
  6028.720     1.00000
  6028.730     1.00000
  6028.740     1.00000
  6028.750     1.00000
  6028.760     1.00000
  6028.770     1.00000
  6028.780     1.00000
  6028.790     1.00000
  6028.800     1.00000
  6028.810     1.00000
  6028.820     1.00000
  6028.830     1.00000
  6028.840     1.00000
  6028.850     1.00000
  6028.860     1.00000
  6028.870     1.00000
  6028.880     1.00000
  6028.890     1.00000
  6028.900     1.00000
  6028.910     1.00000
  6028.920     1.00000
  6028.930     1.00000
  6028.940     1.00000
  6028.950     1.00000
  6028.960     1.00000
  6028.970     1.00000
  6028.980     1.00000
  6028.990     1.00000
  6029.000     1.00000
